<?xml version="1.0" encoding="utf-8"?><testsuites><testsuite errors="0" failures="0" hostname="Acer-Aspire" name="pytest" skipped="0" tests="7" time="0.094" timestamp="2023-02-12T10:02:15.448169"><testcase classname="tests.test_bytebank.TestClass" name="test_quando_idade_recebe_13_03_2000_deve_retornar_22" time="0.003" /><testcase classname="tests.test_bytebank.TestClass" name="test_quando_sobrenome_recebe_Francisco_Junior_deve_retornar_apenas_Junior" time="0.001" /><testcase classname="tests.test_bytebank.TestClass" name="test_quando__decrescimo_salario_recebe_100000_deve_retornar_90000" time="0.002" /><testcase classname="tests.test_bytebank.TestClass" name="test_quando_calcular_bonus_recebe_1000_deve_retornar_100" time="0.002" /><testcase classname="tests.test_bytebank.TestClass" name="test_quando_calcular_bonus_recebe_1000000_deve_retornar_exception" time="0.002" /><testcase classname="tests.test_bytebank.TestClass" name="test_retorno_str" time="0.002" /><testcase classname="tests.test_bytebank.TestClass" name="test__cargo_executivo_retorna_true" time="0.001" /></testsuite></testsuites>